#
# A fatal error has been detected by the Java Runtime Environment:
#
#  SIGSEGV (0xb) at pc=0x0000000113688ca4, pid=1370, tid=7171
#
# JRE version: 7.0_09-b05
# Java VM: Java HotSpot(TM) 64-Bit Server VM (23.5-b02 mixed mode bsd-amd64 compressed oops)
# Problematic frame:
# C  [liblwawt.dylib+0xdca4]  JNI_OnLoad+0x96
#
# Failed to write core dump. Core dumps have been disabled. To enable core dumping, try "ulimit -c unlimited" before starting Java again
#
# If you would like to submit a bug report, please visit:
#   http://bugreport.sun.com/bugreport/crash.jsp
# The crash happened outside the Java Virtual Machine in native code.
# See problematic frame for where to report the bug.
#

---------------  T H R E A D  ---------------

Current thread (0x00007faa15803000):  JavaThread "main" [_thread_in_native, id=7171, stack(0x000000010a859000,0x000000010a959000)]

siginfo:si_signo=SIGSEGV: si_errno=0, si_code=1 (SEGV_MAPERR), si_addr=0x0000000000000000

Registers:
RAX=0x00000001137c82f0, RBX=0x0000000000000000, RCX=0xfffffffffffffff0, RDX=0x00007faa14d00010
RSP=0x000000010a9584e0, RBP=0x000000010a958570, RSI=0x000000010a9584c4, RDI=0x0000000000000000
R8 =0x0000000000000014, R9 =0x000000010a95854d, R10=0x0000000000003c00, R11=0x00000001138abc6a
R12=0x00007faa1484e830, R13=0x0000000113688c0e, R14=0x000000010a45dad8, R15=0x0000000109c2f7f0
RIP=0x0000000113688ca4, EFLAGS=0x0000000000010206, ERR=0x0000000000000004
  TRAPNO=0x000000000000000e

Top of Stack: (sp=0x000000010a9584e0)
0x000000010a9584e0:   00007faa1484e830 0000000000000000
0x000000010a9584f0:   00007faa1484e830 0000000109c2f7f0
0x000000010a958500:   000000010a958540 00007fff8f2456ab
0x000000010a958510:   00007faa13d1e0f0 5cbe86e0775a3352
0x000000010a958520:   000120680a9756a1 0000910000009100
0x000000010a958530:   0000000113688c0e 00007faa1484e830
0x000000010a958540:   5cbe86e0775a3352 000000010a958760
0x000000010a958550:   00007faa1484e830 0000000113688c0e
0x000000010a958560:   00007faa158031d8 0000000109c2f7f0
0x000000010a958570:   000000010a9586d0 000000010a95c6d1
0x000000010a958580:   00007faa13d047b8 000000010a958758
0x000000010a958590:   000000010a45dad8 000000010a9756a1
0x000000010a9585a0:   00007faa15803000 00007faa13d047c0
0x000000010a9585b0:   000000010a958660 000000010a00e762
0x000000010a9585c0:   0000000000000000 00000007e4a27a50
0x000000010a9585d0:   000000010a958678 000000010a958678
0x000000010a9585e0:   000000010a9b8c63 000000010a9a1410
0x000000010a9585f0:   0000000000000000 0000000000000055
0x000000010a958600:   000000010a958600 00000007a8a00198
0x000000010a958610:   000000010a958680 000000010a9585c8
0x000000010a958620:   000000010a958609 0000000800000001
0x000000010a958630:   0000000000000001 000000010a958638
0x000000010a958640:   00000007a8ac1858 000000010a958690
0x000000010a958650:   00000007a8ac8de8 0000000000000000
0x000000010a958660:   00000007a8ac1870 0000000000000000
0x000000010a958670:   000000010a958688 0000000000000000
0x000000010a958680:   00000007e4a27a50 0000000000000000
0x000000010a958690:   00000007e4965170 0000000000000001
0x000000010a9586a0:   5cbe86e0775a3352 00000007a8b9a258
0x000000010a9586b0:   0000000000000000 00000007a8b9a258
0x000000010a9586c0:   000000010a958760 00007faa15803000
0x000000010a9586d0:   000000010a958738 000000010a9adf90 

Instructions: (pc=0x0000000113688ca4)
0x0000000113688c84:   73 03 00 4c 89 f7 e8 29 6d 03 00 48 c7 85 78 ff
0x0000000113688c94:   ff ff 00 00 00 00 48 8b 05 8f 27 06 00 48 8b 38
0x0000000113688ca4:   48 8b 07 48 8d b5 78 ff ff ff ba 04 00 01 00 ff
0x0000000113688cb4:   50 30 85 c0 75 0a 48 83 bd 78 ff ff ff 00 75 55 

Register to memory mapping:

RAX=0x00000001137c82f0: jvm+0 in /Library/Java/JavaVirtualMachines/jdk1.7.0_09.jdk/Contents/Home/jre/lib/./libawt.dylib at 0x000000011372d000
RBX=0x0000000000000000 is an unknown value
RCX=0xfffffffffffffff0 is an unknown value
RDX=0x00007faa14d00010 is an unknown value
RSP=0x000000010a9584e0 is pointing into the stack for thread: 0x00007faa15803000
RBP=0x000000010a958570 is pointing into the stack for thread: 0x00007faa15803000
RSI=0x000000010a9584c4 is pointing into the stack for thread: 0x00007faa15803000
RDI=0x0000000000000000 is an unknown value
R8 =0x0000000000000014 is an unknown value
R9 =0x000000010a95854d is pointing into the stack for thread: 0x00007faa15803000
R10=0x0000000000003c00 is an unknown value
R11=0x00000001138abc6a: OSXAPP_SetJavaVM+0 in /Library/Java/JavaVirtualMachines/jdk1.7.0_09.jdk/Contents/Home/jre/lib/./libosxapp.dylib at 0x00000001138a8000
R12=0x00007faa1484e830 is an unknown value
R13=0x0000000113688c0e: JNI_OnLoad+0 in /Library/Java/JavaVirtualMachines/jdk1.7.0_09.jdk/Contents/Home/jre/lib/lwawt/liblwawt.dylib at 0x000000011367b000
R14=0x000000010a45dad8: main_vm+0 in /Library/Java/JavaVirtualMachines/jdk1.7.0_09.jdk/Contents/Home/jre/lib/server/libjvm.dylib at 0x0000000109db1000
R15=0x0000000109c2f7f0 is an unknown value


Stack: [0x000000010a859000,0x000000010a959000],  sp=0x000000010a9584e0,  free space=1021k
Native frames: (J=compiled Java code, j=interpreted, Vv=VM code, C=native code)
C  [liblwawt.dylib+0xdca4]  JNI_OnLoad+0x96
C  [libjava.dylib+0x16d1]  Java_java_lang_ClassLoader_00024NativeLibrary_load+0xcf
j  java.lang.ClassLoader$NativeLibrary.load(Ljava/lang/String;)V+0
j  java.lang.ClassLoader.loadLibrary1(Ljava/lang/Class;Ljava/io/File;)Z+302
j  java.lang.ClassLoader.loadLibrary0(Ljava/lang/Class;Ljava/io/File;)Z+2
j  java.lang.ClassLoader.loadLibrary(Ljava/lang/Class;Ljava/lang/String;Z)V+217
j  java.lang.Runtime.loadLibrary0(Ljava/lang/Class;Ljava/lang/String;)V+54
j  java.lang.System.loadLibrary(Ljava/lang/String;)V+7
j  main.Main.main([Ljava/lang/String;)V+2
v  ~StubRoutines::call_stub
V  [libjvm.dylib+0x28893f]
V  [libjvm.dylib+0x28870c]
V  [libjvm.dylib+0x2a3f1a]
V  [libjvm.dylib+0x29d286]
C  [java+0x32e2]  JavaMain+0x9b1
C  [libsystem_c.dylib+0x4e8bf]  _pthread_start+0x14f
C  [libsystem_c.dylib+0x51b75]  thread_start+0xd

Java frames: (J=compiled Java code, j=interpreted, Vv=VM code)
j  java.lang.ClassLoader$NativeLibrary.load(Ljava/lang/String;)V+0
j  java.lang.ClassLoader.loadLibrary1(Ljava/lang/Class;Ljava/io/File;)Z+302
j  java.lang.ClassLoader.loadLibrary0(Ljava/lang/Class;Ljava/io/File;)Z+2
j  java.lang.ClassLoader.loadLibrary(Ljava/lang/Class;Ljava/lang/String;Z)V+217
j  java.lang.Runtime.loadLibrary0(Ljava/lang/Class;Ljava/lang/String;)V+54
j  java.lang.System.loadLibrary(Ljava/lang/String;)V+7
j  main.Main.main([Ljava/lang/String;)V+2
v  ~StubRoutines::call_stub

---------------  P R O C E S S  ---------------

Java Threads: ( => current thread )
  0x00007faa15801800 JavaThread "Service Thread" daemon [_thread_blocked, id=18691, stack(0x00000001133dc000,0x00000001134dc000)]
  0x00007faa15052800 JavaThread "C2 CompilerThread1" daemon [_thread_blocked, id=18435, stack(0x00000001132d9000,0x00000001133d9000)]
  0x00007faa1504a000 JavaThread "C2 CompilerThread0" daemon [_thread_blocked, id=18179, stack(0x00000001131d6000,0x00000001132d6000)]
  0x00007faa1504c000 JavaThread "Signal Dispatcher" daemon [_thread_blocked, id=17923, stack(0x00000001130d3000,0x00000001131d3000)]
  0x00007faa15048000 JavaThread "Finalizer" daemon [_thread_blocked, id=14083, stack(0x0000000112dc9000,0x0000000112ec9000)]
  0x00007faa15047800 JavaThread "Reference Handler" daemon [_thread_blocked, id=13827, stack(0x0000000112cc6000,0x0000000112dc6000)]
=>0x00007faa15803000 JavaThread "main" [_thread_in_native, id=7171, stack(0x000000010a859000,0x000000010a959000)]

Other Threads:
  0x00007faa15045000 VMThread [stack: 0x0000000112bc3000,0x0000000112cc3000] [id=13571]
  0x00007faa1582a000 WatcherThread [stack: 0x00000001134df000,0x00000001135df000] [id=18947]

VM state:not at safepoint (normal execution)

VM Mutex/Monitor currently owned by a thread: None

Heap
 PSYoungGen      total 24576K, used 868K [0x00000007e4960000, 0x00000007e64c0000, 0x0000000800000000)
  eden space 21120K, 4% used [0x00000007e4960000,0x00000007e4a393c0,0x00000007e5e00000)
  from space 3456K, 0% used [0x00000007e6160000,0x00000007e6160000,0x00000007e64c0000)
  to   space 3456K, 0% used [0x00000007e5e00000,0x00000007e5e00000,0x00000007e6160000)
 ParOldGen       total 56192K, used 0K [0x00000007adc00000, 0x00000007b12e0000, 0x00000007e4960000)
  object space 56192K, 0% used [0x00000007adc00000,0x00000007adc00000,0x00000007b12e0000)
 PSPermGen       total 21248K, used 2777K [0x00000007a8a00000, 0x00000007a9ec0000, 0x00000007adc00000)
  object space 21248K, 13% used [0x00000007a8a00000,0x00000007a8cb6490,0x00000007a9ec0000)

Card table byte_map: [0x000000010da5c000,0x000000010dd18000] byte_map_base: 0x0000000109d17000

Polling page: 0x0000000109bfc000

Code Cache  [0x000000010a99c000, 0x000000010ac0c000, 0x000000010d99c000)
 total_blobs=185 nmethods=3 adapters=135 free_code_cache=48767Kb largest_free_block=49917632

Compilation events (6 events):
Event: 0.461 Thread 0x00007faa1504a000    1             java.lang.String::hashCode (55 bytes)
Event: 0.468 Thread 0x00007faa1504a000 nmethod 1 0x000000010a9fc350 code [0x000000010a9fc4a0, 0x000000010a9fc638]
Event: 0.477 Thread 0x00007faa15052800    2             java.lang.String::charAt (29 bytes)
Event: 0.477 Thread 0x00007faa1504a000    3             sun.nio.cs.US_ASCII$Encoder::encode (107 bytes)
Event: 0.477 Thread 0x00007faa15052800 nmethod 2 0x000000010a9fc090 code [0x000000010a9fc1e0, 0x000000010a9fc298]
Event: 0.481 Thread 0x00007faa1504a000 nmethod 3 0x000000010a9fb790 code [0x000000010a9fb900, 0x000000010a9fbbd8]

GC Heap History (0 events):
No events

Deoptimization events (0 events):
No events

Internal exceptions (10 events):
Event: 0.469 Thread 0x00007faa15803000 Threw 0x00000007e49f34d8 at /HUDSON/workspace/jdk7u9-2-build-macosx-amd64-product/jdk7u9/hotspot/src/share/vm/prims/jvm.cpp:1166
Event: 0.470 Thread 0x00007faa15803000 Threw 0x00000007e49f3f70 at /HUDSON/workspace/jdk7u9-2-build-macosx-amd64-product/jdk7u9/hotspot/src/share/vm/prims/jni.cpp:716
Event: 0.470 Thread 0x00007faa15803000 Threw 0x00000007e49f4090 at /HUDSON/workspace/jdk7u9-2-build-macosx-amd64-product/jdk7u9/hotspot/src/share/vm/prims/jvm.cpp:1166
Event: 0.470 Thread 0x00007faa15803000 Threw 0x00000007e49f41b8 at /HUDSON/workspace/jdk7u9-2-build-macosx-amd64-product/jdk7u9/hotspot/src/share/vm/prims/jvm.cpp:1166
Event: 0.472 Thread 0x00007faa15803000 Threw 0x00000007e4a06568 at /HUDSON/workspace/jdk7u9-2-build-macosx-amd64-product/jdk7u9/hotspot/src/share/vm/prims/jni.cpp:716
Event: 0.472 Thread 0x00007faa15803000 Threw 0x00000007e4a06688 at /HUDSON/workspace/jdk7u9-2-build-macosx-amd64-product/jdk7u9/hotspot/src/share/vm/prims/jvm.cpp:1166
Event: 0.472 Thread 0x00007faa15803000 Threw 0x00000007e4a067b0 at /HUDSON/workspace/jdk7u9-2-build-macosx-amd64-product/jdk7u9/hotspot/src/share/vm/prims/jvm.cpp:1166
Event: 0.472 Thread 0x00007faa15803000 Threw 0x00000007e4a06a00 at /HUDSON/workspace/jdk7u9-2-build-macosx-amd64-product/jdk7u9/hotspot/src/share/vm/prims/jvm.cpp:1166
Event: 0.482 Thread 0x00007faa15803000 Threw 0x00000007e4a1b0e0 at /HUDSON/workspace/jdk7u9-2-build-macosx-amd64-product/jdk7u9/hotspot/src/share/vm/prims/jvm.cpp:1166
Event: 0.486 Thread 0x00007faa15803000 Threw 0x00000007e4a248b8 at /HUDSON/workspace/jdk7u9-2-build-macosx-amd64-product/jdk7u9/hotspot/src/share/vm/prims/jvm.cpp:1166

Events (10 events):
Event: 0.484 loading class 0x00007faa13e1f9c0
Event: 0.484 loading class 0x00007faa13e1fe40
Event: 0.484 loading class 0x00007faa13e1fe40 done
Event: 0.484 loading class 0x00007faa13e1f9c0 done
Event: 0.485 loading class 0x00007faa13e1edd0
Event: 0.485 loading class 0x00007faa13e1edd0 done
Event: 0.486 loading class 0x0000000109c2f570
Event: 0.486 loading class 0x0000000109c2f570 done
Event: 0.487 loading class 0x00007faa14813cd0
Event: 0.487 loading class 0x00007faa14813cd0 done


Dynamic libraries:
0x0000000005bcf000 	/System/Library/Frameworks/Cocoa.framework/Versions/A/Cocoa
0x0000000005bcf000 	/System/Library/Frameworks/Security.framework/Versions/A/Security
0x0000000005bcf000 	/System/Library/Frameworks/ApplicationServices.framework/Versions/A/ApplicationServices
0x0000000005bcf000 	/usr/lib/libz.1.dylib
0x0000000005bcf000 	/usr/lib/libSystem.B.dylib
0x0000000005bcf000 	/usr/lib/libobjc.A.dylib
0x0000000005bcf000 	/System/Library/Frameworks/CoreFoundation.framework/Versions/A/CoreFoundation
0x0000000005bcf000 	/System/Library/Frameworks/AppKit.framework/Versions/C/AppKit
0x0000000005bcf000 	/System/Library/Frameworks/CoreData.framework/Versions/A/CoreData
0x0000000005bcf000 	/System/Library/Frameworks/Foundation.framework/Versions/C/Foundation
0x0000000005bcf000 	/System/Library/PrivateFrameworks/RemoteViewServices.framework/Versions/A/RemoteViewServices
0x0000000005bcf000 	/System/Library/Frameworks/AudioToolbox.framework/Versions/A/AudioToolbox
0x0000000005bcf000 	/System/Library/Frameworks/AudioUnit.framework/Versions/A/AudioUnit
0x0000000005bcf000 	/System/Library/PrivateFrameworks/DataDetectorsCore.framework/Versions/A/DataDetectorsCore
0x0000000005bcf000 	/System/Library/PrivateFrameworks/DesktopServicesPriv.framework/Versions/A/DesktopServicesPriv
0x0000000005bcf000 	/System/Library/Frameworks/Carbon.framework/Versions/A/Frameworks/HIToolbox.framework/Versions/A/HIToolbox
0x0000000005bcf000 	/System/Library/Frameworks/QuartzCore.framework/Versions/A/QuartzCore
0x0000000005bcf000 	/System/Library/Frameworks/Carbon.framework/Versions/A/Frameworks/SpeechRecognition.framework/Versions/A/SpeechRecognition
0x0000000005bcf000 	/usr/lib/libauto.dylib
0x0000000005bcf000 	/usr/lib/libicucore.A.dylib
0x0000000005bcf000 	/usr/lib/libxml2.2.dylib
0x0000000005bcf000 	/System/Library/PrivateFrameworks/CoreUI.framework/Versions/A/CoreUI
0x0000000005bcf000 	/System/Library/Frameworks/CoreAudio.framework/Versions/A/CoreAudio
0x0000000005bcf000 	/System/Library/Frameworks/DiskArbitration.framework/Versions/A/DiskArbitration
0x0000000005bcf000 	/usr/lib/liblangid.dylib
0x0000000005bcf000 	/System/Library/PrivateFrameworks/MultitouchSupport.framework/Versions/A/MultitouchSupport
0x0000000005bcf000 	/System/Library/Frameworks/IOKit.framework/Versions/A/IOKit
0x0000000005bcf000 	/usr/lib/libDiagnosticMessagesClient.dylib
0x0000000005bcf000 	/System/Library/Frameworks/CoreServices.framework/Versions/A/CoreServices
0x0000000005bcf000 	/System/Library/PrivateFrameworks/PerformanceAnalysis.framework/Versions/A/PerformanceAnalysis
0x0000000005bcf000 	/System/Library/PrivateFrameworks/GenerationalStorage.framework/Versions/A/GenerationalStorage
0x0000000005bcf000 	/System/Library/Frameworks/OpenGL.framework/Versions/A/OpenGL
0x0000000005bcf000 	/System/Library/Frameworks/CoreServices.framework/Versions/A/Frameworks/CFNetwork.framework/Versions/A/CFNetwork
0x0000000005bcf000 	/System/Library/Frameworks/SystemConfiguration.framework/Versions/A/SystemConfiguration
0x0000000005bcf000 	/usr/lib/libCRFSuite.dylib
0x0000000005bcf000 	/usr/lib/libc++.1.dylib
0x0000000005bcf000 	/usr/lib/libstdc++.6.dylib
0x0000000005bcf000 	/usr/lib/libc++abi.dylib
0x0000000005bcf000 	/usr/lib/system/libcache.dylib
0x0000000005bcf000 	/usr/lib/system/libcommonCrypto.dylib
0x0000000005bcf000 	/usr/lib/system/libcompiler_rt.dylib
0x0000000005bcf000 	/usr/lib/system/libcopyfile.dylib
0x0000000005bcf000 	/usr/lib/system/libdispatch.dylib
0x0000000005bcf000 	/usr/lib/system/libdnsinfo.dylib
0x0000000005bcf000 	/usr/lib/system/libdyld.dylib
0x0000000005bcf000 	/usr/lib/system/libkeymgr.dylib
0x0000000005bcf000 	/usr/lib/system/liblaunch.dylib
0x0000000005bcf000 	/usr/lib/system/libmacho.dylib
0x0000000005bcf000 	/usr/lib/system/libmathCommon.A.dylib
0x0000000005bcf000 	/usr/lib/system/libquarantine.dylib
0x0000000005bcf000 	/usr/lib/system/libremovefile.dylib
0x0000000005bcf000 	/usr/lib/system/libsystem_blocks.dylib
0x0000000005bcf000 	/usr/lib/system/libsystem_c.dylib
0x0000000005bcf000 	/usr/lib/system/libsystem_dnssd.dylib
0x0000000005bcf000 	/usr/lib/system/libsystem_info.dylib
0x0000000005bcf000 	/usr/lib/system/libsystem_kernel.dylib
0x0000000005bcf000 	/usr/lib/system/libsystem_network.dylib
0x0000000005bcf000 	/usr/lib/system/libsystem_notify.dylib
0x0000000005bcf000 	/usr/lib/system/libsystem_sandbox.dylib
0x0000000005bcf000 	/usr/lib/system/libunc.dylib
0x0000000005bcf000 	/usr/lib/system/libunwind.dylib
0x0000000005bcf000 	/usr/lib/system/libxpc.dylib
0x0000000005bcf000 	/usr/lib/libbsm.0.dylib
0x0000000005bcf000 	/usr/lib/libsqlite3.dylib
0x0000000005bcf000 	/usr/lib/libOpenScriptingUtil.dylib
0x0000000005bcf000 	/usr/lib/libpam.2.dylib
0x0000000005bcf000 	/usr/lib/libxar-nossl.dylib
0x0000000005bcf000 	/usr/lib/libbz2.1.0.dylib
0x0000000005bcf000 	/System/Library/Frameworks/CoreServices.framework/Versions/A/Frameworks/CarbonCore.framework/Versions/A/CarbonCore
0x0000000005bcf000 	/System/Library/Frameworks/CoreServices.framework/Versions/A/Frameworks/Metadata.framework/Versions/A/Metadata
0x0000000005bcf000 	/System/Library/Frameworks/CoreServices.framework/Versions/A/Frameworks/OSServices.framework/Versions/A/OSServices
0x0000000005bcf000 	/System/Library/Frameworks/CoreServices.framework/Versions/A/Frameworks/SearchKit.framework/Versions/A/SearchKit
0x0000000005bcf000 	/System/Library/Frameworks/CoreServices.framework/Versions/A/Frameworks/AE.framework/Versions/A/AE
0x0000000005bcf000 	/System/Library/Frameworks/CoreServices.framework/Versions/A/Frameworks/LaunchServices.framework/Versions/A/LaunchServices
0x0000000005bcf000 	/System/Library/Frameworks/CoreServices.framework/Versions/A/Frameworks/DictionaryServices.framework/Versions/A/DictionaryServices
0x0000000005bcf000 	/System/Library/Frameworks/NetFS.framework/Versions/A/NetFS
0x0000000005bcf000 	/usr/lib/system/libkxld.dylib
0x0000000005bcf000 	/System/Library/PrivateFrameworks/NetAuth.framework/Versions/A/NetAuth
0x0000000005bcf000 	/usr/lib/libcrypto.0.9.8.dylib
0x0000000005bcf000 	/System/Library/PrivateFrameworks/TrustEvaluationAgent.framework/Versions/A/TrustEvaluationAgent
0x0000000005bcf000 	/System/Library/Frameworks/OpenDirectory.framework/Versions/A/Frameworks/CFOpenDirectory.framework/Versions/A/CFOpenDirectory
0x0000000005bcf000 	/usr/lib/libxslt.1.dylib
0x0000000005bcf000 	/System/Library/PrivateFrameworks/FamilyControls.framework/Versions/A/FamilyControls
0x0000000005bcf000 	/System/Library/Frameworks/Carbon.framework/Versions/A/Frameworks/Ink.framework/Versions/A/Ink
0x0000000005bcf000 	/System/Library/Frameworks/ApplicationServices.framework/Versions/A/Frameworks/CoreGraphics.framework/Versions/A/CoreGraphics
0x0000000005bcf000 	/System/Library/Frameworks/ApplicationServices.framework/Versions/A/Frameworks/ImageIO.framework/Versions/A/ImageIO
0x0000000005bcf000 	/System/Library/Frameworks/ApplicationServices.framework/Versions/A/Frameworks/CoreText.framework/Versions/A/CoreText
0x0000000005bcf000 	/System/Library/Frameworks/ApplicationServices.framework/Versions/A/Frameworks/ATS.framework/Versions/A/ATS
0x0000000005bcf000 	/System/Library/Frameworks/ApplicationServices.framework/Versions/A/Frameworks/ColorSync.framework/Versions/A/ColorSync
0x0000000005bcf000 	/System/Library/Frameworks/ApplicationServices.framework/Versions/A/Frameworks/HIServices.framework/Versions/A/HIServices
0x0000000005bcf000 	/System/Library/Frameworks/ApplicationServices.framework/Versions/A/Frameworks/LangAnalysis.framework/Versions/A/LangAnalysis
0x0000000005bcf000 	/System/Library/Frameworks/ApplicationServices.framework/Versions/A/Frameworks/PrintCore.framework/Versions/A/PrintCore
0x0000000005bcf000 	/System/Library/Frameworks/ApplicationServices.framework/Versions/A/Frameworks/QD.framework/Versions/A/QD
0x0000000005bcf000 	/System/Library/Frameworks/ApplicationServices.framework/Versions/A/Frameworks/SpeechSynthesis.framework/Versions/A/SpeechSynthesis
0x0000000005bcf000 	/System/Library/Frameworks/IOSurface.framework/Versions/A/IOSurface
0x0000000005bcf000 	/System/Library/Frameworks/Accelerate.framework/Versions/A/Accelerate
0x0000000005bcf000 	/System/Library/Frameworks/ApplicationServices.framework/Versions/A/Frameworks/ImageIO.framework/Versions/A/Resources/libJPEG.dylib
0x0000000005bcf000 	/System/Library/Frameworks/ApplicationServices.framework/Versions/A/Frameworks/ImageIO.framework/Versions/A/Resources/libTIFF.dylib
0x0000000005bcf000 	/System/Library/Frameworks/ApplicationServices.framework/Versions/A/Frameworks/ImageIO.framework/Versions/A/Resources/libPng.dylib
0x0000000005bcf000 	/System/Library/Frameworks/ApplicationServices.framework/Versions/A/Frameworks/ImageIO.framework/Versions/A/Resources/libGIF.dylib
0x0000000005bcf000 	/System/Library/Frameworks/ApplicationServices.framework/Versions/A/Frameworks/ImageIO.framework/Versions/A/Resources/libJP2.dylib
0x0000000005bcf000 	/System/Library/Frameworks/ApplicationServices.framework/Versions/A/Frameworks/ImageIO.framework/Versions/A/Resources/libRadiance.dylib
0x0000000005bcf000 	/System/Library/Frameworks/Accelerate.framework/Versions/A/Frameworks/vImage.framework/Versions/A/vImage
0x0000000005bcf000 	/System/Library/Frameworks/Accelerate.framework/Versions/A/Frameworks/vecLib.framework/Versions/A/vecLib
0x0000000005bcf000 	/System/Library/Frameworks/Accelerate.framework/Versions/A/Frameworks/vecLib.framework/Versions/A/libvDSP.dylib
0x0000000005bcf000 	/System/Library/Frameworks/Accelerate.framework/Versions/A/Frameworks/vecLib.framework/Versions/A/libvMisc.dylib
0x0000000005bcf000 	/System/Library/Frameworks/Accelerate.framework/Versions/A/Frameworks/vecLib.framework/Versions/A/libLAPACK.dylib
0x0000000005bcf000 	/System/Library/Frameworks/Accelerate.framework/Versions/A/Frameworks/vecLib.framework/Versions/A/libBLAS.dylib
0x0000000005bcf000 	/System/Library/Frameworks/ApplicationServices.framework/Versions/A/Frameworks/ATS.framework/Versions/A/Resources/libFontParser.dylib
0x0000000005bcf000 	/System/Library/Frameworks/ApplicationServices.framework/Versions/A/Frameworks/ATS.framework/Versions/A/Resources/libFontRegistry.dylib
0x0000000005bcf000 	/usr/lib/libcups.2.dylib
0x0000000005bcf000 	/System/Library/Frameworks/Kerberos.framework/Versions/A/Kerberos
0x0000000005bcf000 	/System/Library/Frameworks/GSS.framework/Versions/A/GSS
0x0000000005bcf000 	/usr/lib/libresolv.9.dylib
0x0000000005bcf000 	/usr/lib/libiconv.2.dylib
0x0000000005bcf000 	/System/Library/PrivateFrameworks/Heimdal.framework/Versions/A/Heimdal
0x0000000005bcf000 	/System/Library/Frameworks/OpenDirectory.framework/Versions/A/OpenDirectory
0x0000000005bcf000 	/System/Library/PrivateFrameworks/CommonAuth.framework/Versions/A/CommonAuth
0x0000000005bcf000 	/System/Library/Frameworks/CoreVideo.framework/Versions/A/CoreVideo
0x0000000005bcf000 	/System/Library/Frameworks/QuartzCore.framework/Versions/A/Frameworks/CoreImage.framework/Versions/A/CoreImage
0x0000000005bcf000 	/System/Library/Frameworks/QuartzCore.framework/Versions/A/Frameworks/ScalableUserInterface.framework/Versions/A/ScalableUserInterface
0x0000000005bcf000 	/System/Library/Frameworks/OpenGL.framework/Versions/A/Libraries/libGLU.dylib
0x0000000005bcf000 	/System/Library/Frameworks/OpenGL.framework/Versions/A/Libraries/libGFXShared.dylib
0x0000000005bcf000 	/System/Library/Frameworks/OpenGL.framework/Versions/A/Libraries/libGL.dylib
0x0000000005bcf000 	/System/Library/Frameworks/OpenGL.framework/Versions/A/Libraries/libGLImage.dylib
0x0000000005bcf000 	/System/Library/Frameworks/OpenGL.framework/Versions/A/Libraries/libCVMSPluginSupport.dylib
0x0000000005bcf000 	/System/Library/Frameworks/OpenGL.framework/Versions/A/Libraries/libCoreVMClient.dylib
0x0000000005bcf000 	/System/Library/Frameworks/OpenCL.framework/Versions/A/OpenCL
0x0000000005bcf000 	/System/Library/PrivateFrameworks/FaceCoreLight.framework/Versions/A/FaceCoreLight
0x0000000005bcf000 	/System/Library/Frameworks/vecLib.framework/Versions/A/vecLib
0x0000000005bcf000 	/System/Library/Frameworks/SecurityFoundation.framework/Versions/A/SecurityFoundation
0x0000000005bcf000 	/System/Library/PrivateFrameworks/CommerceKit.framework/Versions/A/Frameworks/CommerceCore.framework/Versions/A/CommerceCore
0x0000000005bcf000 	/System/Library/PrivateFrameworks/CoreSymbolication.framework/Versions/A/CoreSymbolication
0x0000000005bcf000 	/System/Library/PrivateFrameworks/Symbolication.framework/Versions/A/Symbolication
0x0000000005bcf000 	/System/Library/PrivateFrameworks/DebugSymbols.framework/Versions/A/DebugSymbols
0x0000000109db1000 	/Library/Java/JavaVirtualMachines/jdk1.7.0_09.jdk/Contents/Home/jre/lib/server/libjvm.dylib
0x0000000109bef000 	/Library/Java/JavaVirtualMachines/jdk1.7.0_09.jdk/Contents/Home/jre/lib/libverify.dylib
0x000000010a95b000 	/Library/Java/JavaVirtualMachines/jdk1.7.0_09.jdk/Contents/Home/jre/lib/libjava.dylib
0x000000010a993000 	/Library/Java/JavaVirtualMachines/jdk1.7.0_09.jdk/Contents/Home/jre/lib/libzip.dylib
0x0000000112ecb000 	/System/Library/Frameworks/JavaVM.framework/Frameworks/JavaRuntimeSupport.framework/JavaRuntimeSupport
0x0000000112ee3000 	/System/Library/Frameworks/JavaVM.framework/Versions/A/Frameworks/JavaNativeFoundation.framework/Versions/A/JavaNativeFoundation
0x0000000112ef8000 	/System/Library/Frameworks/JavaVM.framework/Versions/A/JavaVM
0x0000000005bcf000 	/System/Library/Frameworks/Carbon.framework/Versions/A/Carbon
0x0000000112f05000 	/System/Library/PrivateFrameworks/JavaLaunching.framework/Versions/A/JavaLaunching
0x0000000005bcf000 	/System/Library/Frameworks/Carbon.framework/Versions/A/Frameworks/CommonPanels.framework/Versions/A/CommonPanels
0x0000000005bcf000 	/System/Library/Frameworks/Carbon.framework/Versions/A/Frameworks/Help.framework/Versions/A/Help
0x0000000005bcf000 	/System/Library/Frameworks/Carbon.framework/Versions/A/Frameworks/ImageCapture.framework/Versions/A/ImageCapture
0x0000000005bcf000 	/System/Library/Frameworks/Carbon.framework/Versions/A/Frameworks/OpenScripting.framework/Versions/A/OpenScripting
0x0000000005bcf000 	/System/Library/Frameworks/Carbon.framework/Versions/A/Frameworks/Print.framework/Versions/A/Print
0x0000000005bcf000 	/System/Library/Frameworks/Carbon.framework/Versions/A/Frameworks/SecurityHI.framework/Versions/A/SecurityHI
0x0000000113678000 	/Library/Java/JavaVirtualMachines/jdk1.7.0_09.jdk/Contents/Home/jre/lib/libjawt.dylib
0x000000011367b000 	/Library/Java/JavaVirtualMachines/jdk1.7.0_09.jdk/Contents/Home/jre/lib/lwawt/liblwawt.dylib
0x000000011372d000 	/Library/Java/JavaVirtualMachines/jdk1.7.0_09.jdk/Contents/Home/jre/lib/./libawt.dylib
0x00000001137dc000 	/Library/Java/JavaVirtualMachines/jdk1.7.0_09.jdk/Contents/Home/jre/lib/./libmlib_image.dylib
0x00000001138a8000 	/Library/Java/JavaVirtualMachines/jdk1.7.0_09.jdk/Contents/Home/jre/lib/./libosxapp.dylib
0x00000001138c4000 	/System/Library/Frameworks/ExceptionHandling.framework/Versions/A/ExceptionHandling

VM Arguments:
jvm_args: -Dfile.encoding=UTF-8 -Djava.library.path=../Libraries/slick/lib/natives/mac 
java_command: main.Main
Launcher Type: SUN_STANDARD

Environment Variables:
PATH=/usr/bin:/bin:/usr/sbin:/sbin
LD_LIBRARY_PATH=/Library/Java/JavaVirtualMachines/jdk1.7.0_09.jdk/Contents/Home/jre/lib/amd64:/Library/Java/JavaVirtualMachines/jdk1.7.0_09.jdk/Contents/Home/jre/lib/i386:
SHELL=/bin/bash
DISPLAY=/tmp/launch-zYHHoE/org.x:0

Signal Handlers:
SIGSEGV: [libjvm.dylib+0x4a3a1d], sa_mask[0]=0xfffefeff, sa_flags=0x00000042
SIGBUS: [libjvm.dylib+0x4a3a1d], sa_mask[0]=0xfffefeff, sa_flags=0x00000042
SIGFPE: [libjvm.dylib+0x3b3431], sa_mask[0]=0xfffefeff, sa_flags=0x00000042
SIGPIPE: [libjvm.dylib+0x3b3431], sa_mask[0]=0xfffefeff, sa_flags=0x00000042
SIGXFSZ: [libjvm.dylib+0x3b3431], sa_mask[0]=0xfffefeff, sa_flags=0x00000042
SIGILL: [libjvm.dylib+0x3b3431], sa_mask[0]=0xfffefeff, sa_flags=0x00000042
SIGUSR1: SIG_DFL, sa_mask[0]=0x00000000, sa_flags=0x00000002
SIGUSR2: [libjvm.dylib+0x3b2fca], sa_mask[0]=0x00000004, sa_flags=0x00000042
SIGHUP: [libjvm.dylib+0x3b122b], sa_mask[0]=0xfffefeff, sa_flags=0x00000042
SIGINT: SIG_IGN, sa_mask[0]=0x00000000, sa_flags=0x00000000
SIGTERM: [libjvm.dylib+0x3b122b], sa_mask[0]=0xfffefeff, sa_flags=0x00000042
SIGQUIT: [libjvm.dylib+0x3b122b], sa_mask[0]=0xfffefeff, sa_flags=0x00000042


---------------  S Y S T E M  ---------------

OS:Bsduname:Darwin 11.4.2 Darwin Kernel Version 11.4.2: Thu Aug 23 16:25:48 PDT 2012; root:xnu-1699.32.7~1/RELEASE_X86_64 x86_64
rlimit: STACK 8192k, CORE 0k, NPROC 709, NOFILE 10240, AS infinity
load average:1.34 1.46 1.04

CPU:total 4 (2 cores per cpu, 2 threads per core) family 6 model 42 stepping 7, cmov, cx8, fxsr, mmx, sse, sse2, sse3, ssse3, sse4.1, sse4.2, popcnt, avx, ht, tsc, tscinvbit

Memory: 4k page, physical 5390212k(1347553k free)

/proc/meminfo:


vm_info: Java HotSpot(TM) 64-Bit Server VM (23.5-b02) for bsd-amd64 JRE (1.7.0_09-b05), built on Sep 24 2012 21:39:08 by "java_re" with gcc 4.2.1 (Based on Apple Inc. build 5658) (LLVM build 2336.9.00)

time: Tue Jan 15 14:48:22 2013
elapsed time: 0 seconds

